<?xml version="1.0" encoding="UTF-8"?>
<!-- Generated by org.testng.reporters.JUnitXMLReporter -->
<testsuite hostname="DELL-PC" name="Test" tests="1" failures="0" timestamp="19 Jul 2020 07:31:38 GMT" time="0.05" errors="0">
  <testcase name="@BeforeTest beforeConfig" time="0.0" classname="com.ecommerce.flipkart.Test.HomePage.homePageTest">
    <failure type="org.testng.TestNGException" message="
Parameter &amp;apos;portalurl&amp;apos; is required by @Configuration on method beforeConfig but has not been marked @Optional or defined
in G:\Kiran\Java\eclipseWorkSpace\JavaProjectFlipkart\testng.xml">
      <![CDATA[org.testng.TestNGException: 
Parameter 'portalurl' is required by @Configuration on method beforeConfig but has not been marked @Optional or defined
in G:\Kiran\Java\eclipseWorkSpace\JavaProjectFlipkart\testng.xml
... Removed 19 stack frames]]>
    </failure>
  </testcase> <!-- @BeforeTest beforeConfig -->
  <testcase name="@AfterMethod afterConfig" time="0.0" classname="com.ecommerce.flipkart.Test.HomePage.homePageTest">
    <skipped/>
  </testcase> <!-- @AfterMethod afterConfig -->
  <testcase name="launchBrowser" time="0.01" classname="com.ecommerce.flipkart.Test.HomePage.homePageTest">
    <skipped/>
  </testcase> <!-- launchBrowser -->
</testsuite> <!-- Test -->
