-------------------------------------------------------------------------------
Test set: TestSuite
-------------------------------------------------------------------------------
Tests run: 3, Failures: 1, Errors: 0, Skipped: 2, Time elapsed: 13.135 s <<< FAILURE! - in TestSuite
com.ecommerce.flipkart.Test.HomePage.homePageTest.beforeConfig  Time elapsed: 12.99 s  <<< FAILURE!
java.lang.NullPointerException: null value in entry: url=null
	at com.ecommerce.flipkart.Test.HomePage.homePageTest.beforeConfig(homePageTest.java:26)

