<?xml version="1.0" encoding="UTF-8"?>
<testng-results skipped="0" failed="0" total="1" passed="1">
  <reporter-output>
  </reporter-output>
  <suite name="Suite" duration-ms="27965" started-at="2020-07-19T11:27:08Z" finished-at="2020-07-19T11:27:36Z">
    <groups>
    </groups>
    <test name="Test" duration-ms="27965" started-at="2020-07-19T11:27:08Z" finished-at="2020-07-19T11:27:36Z">
      <class name="com.ecommerce.flipkart.Test.HomePage.homePageTest">
        <test-method status="PASS" signature="beforeConfig()[pri:0, instance:com.ecommerce.flipkart.Test.HomePage.homePageTest@6df97b55]" name="beforeConfig" is-config="true" duration-ms="12709" started-at="2020-07-19T16:57:08Z" finished-at="2020-07-19T16:57:21Z">
          <reporter-output>
          </reporter-output>
        </test-method> <!-- beforeConfig -->
        <test-method status="PASS" signature="launchBrowser(java.lang.String)[pri:0, instance:com.ecommerce.flipkart.Test.HomePage.homePageTest@6df97b55]" name="launchBrowser" duration-ms="14972" started-at="2020-07-19T16:57:21Z" finished-at="2020-07-19T16:57:36Z">
          <params>
            <param index="0">
              <value>
                <![CDATA[mobiles]]>
              </value>
            </param>
          </params>
          <reporter-output>
          </reporter-output>
        </test-method> <!-- launchBrowser -->
        <test-method status="PASS" signature="afterConfig()[pri:0, instance:com.ecommerce.flipkart.Test.HomePage.homePageTest@6df97b55]" name="afterConfig" is-config="true" duration-ms="257" started-at="2020-07-19T16:57:36Z" finished-at="2020-07-19T16:57:36Z">
          <reporter-output>
          </reporter-output>
        </test-method> <!-- afterConfig -->
      </class> <!-- com.ecommerce.flipkart.Test.HomePage.homePageTest -->
    </test> <!-- Test -->
  </suite> <!-- Suite -->
</testng-results>
