<?xml version="1.0" encoding="UTF-8"?>
<testng-results skipped="0" failed="0" total="1" passed="1">
  <reporter-output>
  </reporter-output>
  <suite name="Suite" duration-ms="24474" started-at="2020-07-19T07:58:40Z" finished-at="2020-07-19T07:59:04Z">
    <groups>
    </groups>
    <test name="Test" duration-ms="24474" started-at="2020-07-19T07:58:40Z" finished-at="2020-07-19T07:59:04Z">
      <class name="com.ecommerce.flipkart.Test.HomePage.homePageTest">
        <test-method status="PASS" signature="beforeConfig()[pri:0, instance:com.ecommerce.flipkart.Test.HomePage.homePageTest@6df97b55]" name="beforeConfig" is-config="true" duration-ms="11317" started-at="2020-07-19T13:28:40Z" finished-at="2020-07-19T13:28:51Z">
          <reporter-output>
          </reporter-output>
        </test-method> <!-- beforeConfig -->
        <test-method status="PASS" signature="launchBrowser(java.lang.String)[pri:0, instance:com.ecommerce.flipkart.Test.HomePage.homePageTest@6df97b55]" name="launchBrowser" duration-ms="12795" started-at="2020-07-19T13:28:51Z" finished-at="2020-07-19T13:29:04Z">
          <params>
            <param index="0">
              <value>
                <![CDATA[mobiles]]>
              </value>
            </param>
          </params>
          <reporter-output>
          </reporter-output>
        </test-method> <!-- launchBrowser -->
        <test-method status="PASS" signature="afterConfig()[pri:0, instance:com.ecommerce.flipkart.Test.HomePage.homePageTest@6df97b55]" name="afterConfig" is-config="true" duration-ms="347" started-at="2020-07-19T13:29:04Z" finished-at="2020-07-19T13:29:04Z">
          <reporter-output>
          </reporter-output>
        </test-method> <!-- afterConfig -->
      </class> <!-- com.ecommerce.flipkart.Test.HomePage.homePageTest -->
    </test> <!-- Test -->
  </suite> <!-- Suite -->
</testng-results>
